  CorePCH.cpp
  FFTLibWrap.cpp
  fftw3.imports.cpp
  FilterDesign.cpp
  BCIRegistry.cpp
  ARFilter.cpp
  ARSpectrum.cpp
  AverageDisplay.cpp
  ExpressionFilter.cpp
  FFTSpectrum.cpp
  FrequencyEstimator.cpp
  IIRBandpass.cpp
  IIRFilterBase.cpp
  LPFilter.cpp
  LinearClassifier.cpp
  Normalizer.cpp
  P3TemporalFilter.cpp
  RandomFilter.cpp
  SourceDecimationFilter.cpp
  SpatialFilter.cpp
  SpectralEstimator.cpp
  Generating Code...
  Compiling...
  Spectrum.cpp
  ThreadedFilter.cpp
  WindowingFilter.cpp
  Multithreading.cpp
  Generating Code...
  BCI2000FrameworkSigProcModule.vcxproj -> C:\Users\kotlab\Documents\GitHub\BCI-Group\BCI2000\build\CMakeFiles\frameworks\SigProcModuleLib\Release\BCI2000FrameworkSigProcModule.lib
