  CorePCH.cpp
  SoundcardADC.cpp
  AudioDevice.cpp
  ClockTick.cpp
  CoreMain.cpp
  CoreModule.cpp
  BCIStream_module.cpp
  portaudio.imports.cpp
  ObserverMemory.cpp
  ObserverBase.cpp
  PowerSumObserver.cpp
  HistogramObserver.cpp
  Histogram.cpp
  Version.cpp
  WinMain.cpp
  Generating Code...
  SoundcardSource.vcxproj -> C:\Users\kotlab\Documents\GitHub\BCI-Group\BCI2000\build\CMakeFiles\core\SignalSource\SoundcardSource\Release\SoundcardSource.exe
  	Deploying executable
  copying files:
  Copying SoundcardSource.exe ...
  Copying portaudio-asio_x64.dll ...
  Copying msvcp140.dll ...
  Copying vcomp140.dll ...
  Copying vcruntime140.dll ...
  Copying vcruntime140_1.dll ...
  Done.
