  CorePCH.cpp
  PipeDefinition.cpp
  MatlabFilter.cpp
  MatlabWrapper.cpp
  CoreMain.cpp
  CoreModule.cpp
  BCIStream_module.cpp
  Version.cpp
  WinMain.cpp
  Generating Code...
  MatlabSignalProcessing.vcxproj -> C:\Users\kotlab\Documents\GitHub\BCI-Group\BCI2000\build\CMakeFiles\core\SignalProcessing\Matlab\Release\MatlabSignalProcessing.exe
  					Deploying executable
  copying files:
  Copying MatlabSignalProcessing.exe ...
  Copying vcomp140.dll ...
  Copying vcruntime140_1.dll ...
  Copying vcruntime140.dll ...
  Copying msvcp140.dll ...
  Copying libfftw3-3.dll ...
  Done.
