  CorePCH.cpp
  PipeDefinition.cpp
  FFTFilter.cpp
  CoreMain.cpp
  CoreModule.cpp
  BCIStream_module.cpp
  FFTLibWrap.cpp
  fftw3.imports.cpp
  Version.cpp
  WinMain.cpp
  Generating Code...
  FFTSignalProcessing.vcxproj -> C:\Users\kotlab\Documents\GitHub\BCI-Group\BCI2000\build\CMakeFiles\core\SignalProcessing\FFT\Release\FFTSignalProcessing.exe
  	Deploying executable
  copying files:
  Copying FFTSignalProcessing.exe ...
  Copying msvcp140.dll ...
  Copying vcomp140.dll ...
  Copying vcruntime140.dll ...
  Copying vcruntime140_1.dll ...
  Copying libfftw3-3.dll ...
  Done.
