  CorePCH.cpp
  FileWriterBase.cpp
  FileSplittingCondition.cpp
  GenericFileWriter.cpp
  GenericOutputFormat.cpp
  NullFileWriter.cpp
  BCI2000FileWriter.cpp
  BCI2000OutputFormat.cpp
  EDFHeader.cpp
  EDFFileWriter.cpp
  EDFOutputBase.cpp
  EDFOutputFormat.cpp
  GDF.cpp
  GDFFileWriter.cpp
  GDFOutputFormat.cpp
  BufferedADC.cpp
  AlignmentFilter.cpp
  DataIOFilter.cpp
  TransmissionFilter.cpp
  EventLink.cpp
  Multithreading.cpp
  Generating Code...
  Compiling...
  JoystickLogger.cpp
  KeyLogger.cpp
  BCIRegistry.cpp
  Generating Code...
  BCI2000FrameworkSigSrcModule.vcxproj -> C:\Users\kotlab\Documents\GitHub\BCI-Group\BCI2000\build\CMakeFiles\frameworks\SigSrcModuleLib\Release\BCI2000FrameworkSigSrcModule.lib
