  CorePCH.cpp
  gMOBIlabADC.cpp
  gMOBIlabplus.imports.cpp
  CoreMain.cpp
  CoreModule.cpp
  BCIStream_module.cpp
  SourceFilter.cpp
  IIRFilterBase.cpp
  FilterDesign.cpp
  Version.cpp
  WinMain.cpp
  Generating Code...
  gMOBIlabPlus.vcxproj -> C:\Users\kotlab\Documents\GitHub\BCI-Group\BCI2000\build\CMakeFiles\core\SignalSource\g.MOBIlabPlus\Release\gMOBIlabPlus.exe
  			Deploying executable
  copying files:
  Copying gMOBIlabPlus.exe ...
  Copying msvcp140.dll ...
  Copying vcomp140.dll ...
  Copying vcruntime140.dll ...
  Copying vcruntime140_1.dll ...
  Done.
