  CorePCH.cpp
  actiCHampBufferedADC.cpp
  actiCHampDevice.cpp
  ChannelRouter.cpp
  ActiChamp.imports.cpp
  CoreMain.cpp
  CoreModule.cpp
  BCIStream_module.cpp
  Version.cpp
  WinMain.cpp
  Generating Code...
  actiCHampSource.vcxproj -> C:\Users\kotlab\Documents\GitHub\BCI-Group\BCI2000\build\CMakeFiles\contrib\SignalSource\actiCHamp\Release\actiCHampSource.exe
  	Deploying executable
  copying files:
  Copying actiCHampSource.exe ...
  Copying ActiChamp.bit ...
  Copying ActiChampX.bit ...
  Copying ActiChamp_x64.dll ...
  Copying msvcp140.dll ...
  Copying vcomp140.dll ...
  Copying vcruntime140.dll ...
  Copying vcruntime140_1.dll ...
  Done.
