  CorePCH.cpp
  EmotivADC.cpp
  edk.imports.cpp
  CoreMain.cpp
  CoreModule.cpp
  BCIStream_module.cpp
  SourceFilter.cpp
  IIRFilterBase.cpp
  FilterDesign.cpp
  Version.cpp
  WinMain.cpp
  Generating Code...
  Emotiv.vcxproj -> C:\Users\kotlab\Documents\GitHub\BCI-Group\BCI2000\build\CMakeFiles\contrib\SignalSource\Emotiv\Release\Emotiv.exe
  	Deploying executable
  copying files:
  Copying Emotiv.exe ...
  Copying edk.dll ...
  Copying edk_utils.dll ...
  Copying msvcp140.dll ...
  Copying vcomp140.dll ...
  Copying vcruntime140.dll ...
  Copying vcruntime140_1.dll ...
  Done.
