  CorePCH.cpp
  gTecUnicornADC.cpp
  Unicorn.imports.cpp
  CoreMain.cpp
  CoreModule.cpp
  BCIStream_module.cpp
  SourceFilter.cpp
  IIRFilterBase.cpp
  FilterDesign.cpp
  Version.cpp
  WinMain.cpp
  Generating Code...
  gUnicornADC.vcxproj -> C:\Users\kotlab\Documents\GitHub\BCI-Group\BCI2000\build\CMakeFiles\core\SignalSource\g.Unicorn\Release\gUnicornADC.exe
  	Deploying executable
  copying files:
  Copying gUnicornADC.exe ...
  Copying Unicorn.dll ...
  Copying msvcp140.dll ...
  Copying vcomp140.dll ...
  Copying vcruntime140.dll ...
  Copying vcruntime140_1.dll ...
  Done.
