  CorePCH.cpp
  Biosemi2ADC.cpp
  Biosemi2Client.cpp
  Labview_DLL.imports.cpp
  CoreMain.cpp
  CoreModule.cpp
  BCIStream_module.cpp
  SourceFilter.cpp
  IIRFilterBase.cpp
  FilterDesign.cpp
  Version.cpp
  WinMain.cpp
  Generating Code...
  Biosemi2.vcxproj -> C:\Users\kotlab\Documents\GitHub\BCI-Group\BCI2000\build\CMakeFiles\contrib\SignalSource\Biosemi\Release\Biosemi2.exe
  	Deploying executable
  copying files:
  Copying Biosemi2.exe ...
  Copying Labview_DLL32.dll ...
  Copying msvcp140.dll ...
  Copying vcomp140.dll ...
  Copying vcruntime140.dll ...
  Copying vcruntime140_1.dll ...
  Done.
