This is pdfTeX, Version 3.141592653-2.6-1.40.25 (MiKTeX 24.1) (preloaded format=pdflatex 2024.9.24)  6 DEC 2024 21:06
entering extended mode
 restricted \write18 enabled.
 %&-line parsing enabled.
**"./Biomedical Research.tex"
(Biomedical Research.tex
LaTeX2e <2023-11-01> patch level 1
L3 programming layer <2024-01-04>
(C:\Users\19293\AppData\Local\Programs\MiKTeX\tex/latex/base\report.cls
Document Class: report 2023/05/17 v1.4n Standard LaTeX document class
(C:\Users\19293\AppData\Local\Programs\MiKTeX\tex/latex/base\size12.clo
File: size12.clo 2023/05/17 v1.4n Standard LaTeX file (size option)
)
\c@part=\count187
\c@chapter=\count188
\c@section=\count189
\c@subsection=\count190
\c@subsubsection=\count191
\c@paragraph=\count192
\c@subparagraph=\count193
\c@figure=\count194
\c@table=\count195
\abovecaptionskip=\skip48
\belowcaptionskip=\skip49
\bibindent=\dimen140
)
(C:\Users\19293\AppData\Local\Programs\MiKTeX\tex/latex/graphics\graphicx.sty
Package: graphicx 2021/09/16 v1.2d Enhanced LaTeX Graphics (DPC,SPQR)

(C:\Users\19293\AppData\Local\Programs\MiKTeX\tex/latex/graphics\keyval.sty
Package: keyval 2022/05/29 v1.15 key=value parser (DPC)
\KV@toks@=\toks17
)
(C:\Users\19293\AppData\Local\Programs\MiKTeX\tex/latex/graphics\graphics.sty
Package: graphics 2022/03/10 v1.4e Standard LaTeX Graphics (DPC,SPQR)

(C:\Users\19293\AppData\Local\Programs\MiKTeX\tex/latex/graphics\trig.sty
Package: trig 2021/08/11 v1.11 sin cos tan (DPC)
)
(C:\Users\19293\AppData\Local\Programs\MiKTeX\tex/latex/graphics-cfg\graphics.c
fg
File: graphics.cfg 2016/06/04 v1.11 sample graphics configuration
)
Package graphics Info: Driver file: pdftex.def on input line 107.

(C:\Users\19293\AppData\Local\Programs\MiKTeX\tex/latex/graphics-def\pdftex.def
File: pdftex.def 2022/09/22 v1.2b Graphics/color driver for pdftex
))
\Gin@req@height=\dimen141
\Gin@req@width=\dimen142
)
(C:\Users\19293\AppData\Local\Programs\MiKTeX\tex/latex/l3backend\l3backend-pdf
tex.def
File: l3backend-pdftex.def 2024-01-04 L3 backend support: PDF output (pdfTeX)
\l__color_backend_stack_int=\count196
\l__pdf_internal_box=\box51
)

LaTeX Warning: Unused global option(s):
    [researchpaper].

(Biomedical Research.aux)
\openout1 = `"Biomedical Research.aux"'.

LaTeX Font Info:    Checking defaults for OML/cmm/m/it on input line 7.
LaTeX Font Info:    ... okay on input line 7.
LaTeX Font Info:    Checking defaults for OMS/cmsy/m/n on input line 7.
LaTeX Font Info:    ... okay on input line 7.
LaTeX Font Info:    Checking defaults for OT1/cmr/m/n on input line 7.
LaTeX Font Info:    ... okay on input line 7.
LaTeX Font Info:    Checking defaults for T1/cmr/m/n on input line 7.
LaTeX Font Info:    ... okay on input line 7.
LaTeX Font Info:    Checking defaults for TS1/cmr/m/n on input line 7.
LaTeX Font Info:    ... okay on input line 7.
LaTeX Font Info:    Checking defaults for OMX/cmex/m/n on input line 7.
LaTeX Font Info:    ... okay on input line 7.
LaTeX Font Info:    Checking defaults for U/cmr/m/n on input line 7.
LaTeX Font Info:    ... okay on input line 7.

(C:\Users\19293\AppData\Local\Programs\MiKTeX\tex/context/base/mkii\supp-pdf.mk
ii
[Loading MPS to PDF converter (version 2006.09.02).]
\scratchcounter=\count197
\scratchdimen=\dimen143
\scratchbox=\box52
\nofMPsegments=\count198
\nofMParguments=\count199
\everyMPshowfont=\toks18
\MPscratchCnt=\count266
\MPscratchDim=\dimen144
\MPnumerator=\count267
\makeMPintoPDFobject=\count268
\everyMPtoPDFconversion=\toks19
)
(C:\Users\19293\AppData\Local\Programs\MiKTeX\tex/latex/epstopdf-pkg\epstopdf-b
ase.sty
Package: epstopdf-base 2020-01-24 v2.11 Base part for package epstopdf
Package epstopdf-base Info: Redefining graphics rule for `.eps' on input line 4
85.

(C:\Users\19293\AppData\Local\Programs\MiKTeX\tex/latex/00miktex\epstopdf-sys.c
fg
File: epstopdf-sys.cfg 2021/03/18 v2.0 Configuration of epstopdf for MiKTeX
))
LaTeX Font Info:    External font `cmex10' loaded for size
(Font)              <14.4> on input line 9.
LaTeX Font Info:    External font `cmex10' loaded for size
(Font)              <7> on input line 9.
 [1

{C:/Users/19293/AppData/Local/MiKTeX/fonts/map/pdftex/pdftex.map}]
[1] [2]
Overfull \hbox (4.07083pt too wide) in paragraph at lines 81--86
[] 
 []


Underfull \hbox (badness 10000) in paragraph at lines 87--95

 []

[3]
Underfull \hbox (badness 10000) in paragraph at lines 96--105
\OT1/cmr/m/n/12 sub-jects in re-la-tion to ben-e-fits. "
 []


Underfull \hbox (badness 10000) in paragraph at lines 96--105

 []

[4]
Overfull \hbox (4.07083pt too wide) in paragraph at lines 108--109
[] 
 []


Underfull \hbox (badness 10000) in paragraph at lines 110--112

 []


Overfull \hbox (4.07083pt too wide) in paragraph at lines 113--131
[]
 []

[5]
Overfull \hbox (4.07083pt too wide) in paragraph at lines 132--136
[]
 []

[6]
Overfull \hbox (4.0209pt too wide) in paragraph at lines 145--151
\OT1/cmr/bx/n/12 Emotional Pro-cess-ing: \OT1/cmr/m/n/12 Cul-tural and so-ci-et
al norms of-ten en-cour-age women
 []

[7]
Overfull \hbox (4.07083pt too wide) in paragraph at lines 164--167
[] 
 []

[8] [9]
Overfull \hbox (4.07083pt too wide) in paragraph at lines 198--202
[] 
 []

[10]
Overfull \hbox (4.07083pt too wide) in paragraph at lines 231--233
[] 
 []

[11] [12]
Overfull \hbox (4.07083pt too wide) in paragraph at lines 251--253
[]
 []


Overfull \hbox (3.90161pt too wide) in paragraph at lines 257--259
\OT1/cmr/m/n/12 tional Mag-netic Res-o-nance Imag-ing (fMRI) or Elec-troen-ceph
alog-ra-phy (EEG)
 []

[13]
Overfull \hbox (4.07083pt too wide) in paragraph at lines 271--275
[]
 []

[14]
Overfull \hbox (27.57344pt too wide) in paragraph at lines 295--301
\OT1/cmr/m/n/12 At the heart of the project lies a com-mit-ment to human-centri
c de-sign|prioritizing
 []

[15]
Overfull \hbox (4.07083pt too wide) in paragraph at lines 308--312
[]
 []

[16]
Overfull \hbox (4.07083pt too wide) in paragraph at lines 340--344
[]
 []

[17]
Overfull \hbox (4.07083pt too wide) in paragraph at lines 359--363
[]
 []


Overfull \hbox (4.65698pt too wide) in paragraph at lines 359--363
\OT1/cmr/bx/n/12 Cur-rent Lim-i-ta-tions of Com-mu-ni-ca-tion Tech-nolo-gies fo
r Non-Verbal
 []

[18]
Overfull \hbox (4.07083pt too wide) in paragraph at lines 375--379
[]
 []

[19]
Overfull \hbox (4.07083pt too wide) in paragraph at lines 394--398
[]
 []


Overfull \hbox (10.92929pt too wide) in paragraph at lines 402--404
\OT1/cmr/m/n/12 tional mag-netic res-o-nance imag-ing (fMRI) or mag-ne-toen-cep
halog-ra-phy (MEG),
 []

[20]
Overfull \hbox (4.07083pt too wide) in paragraph at lines 410--414
[]
 []

[21]
Overfull \hbox (4.07083pt too wide) in paragraph at lines 423--427
[]
 []


Overfull \hbox (2.96814pt too wide) in paragraph at lines 428--430
\OT1/cmr/m/n/12 The cal-i-bra-tion pro-cess in-volves as-sess-ing in-di-vid-ual
 pa-ram-e-ters such as brain-
 []


Overfull \hbox (4.07083pt too wide) in paragraph at lines 439--443
[]
 []


Overfull \hbox (6.15424pt too wide) in paragraph at lines 439--443
\OT1/cmr/m/n/12 Brain-Computer In-ter-faces (BCIs) for emo-tional reg-u-la-tion
 rep-re-sent a promis-
 []

[22]
Overfull \hbox (4.07083pt too wide) in paragraph at lines 455--459
[]
 []

[23]
Overfull \hbox (4.07083pt too wide) in paragraph at lines 468--472
[]
 []

[24]
Overfull \hbox (4.07083pt too wide) in paragraph at lines 481--485
[]
 []


Overfull \hbox (6.707pt too wide) in paragraph at lines 486--488
\OT1/cmr/m/n/12 In mul-ti-modal com-mu-ni-ca-tion, HB-SIs en-able users to con-
vey mes-sages through
 []

[25]
Overfull \hbox (4.07083pt too wide) in paragraph at lines 494--502
[]
 []

[26]
Overfull \hbox (4.07083pt too wide) in paragraph at lines 503--508
[] 
 []

[27] [28] (Biomedical Research.aux)
 ***********
LaTeX2e <2023-11-01> patch level 1
L3 programming layer <2024-01-04>
 ***********
 ) 
Here is how much of TeX's memory you used:
 1302 strings out of 474486
 22026 string characters out of 5743755
 1934542 words of memory out of 5000000
 23632 multiletter control sequences out of 15000+600000
 560492 words of font info for 44 fonts, out of 8000000 for 9000
 1141 hyphenation exceptions out of 8191
 57i,6n,65p,982b,189s stack positions out of 10000i,1000n,20000p,200000b,200000s
<C:/Users/19293/AppData/Local/Programs/MiKTeX/fonts/type1/public/amsfonts/cm/
cmbx12.pfb><C:/Users/19293/AppData/Local/Programs/MiKTeX/fonts/type1/public/ams
fonts/cm/cmr12.pfb><C:/Users/19293/AppData/Local/Programs/MiKTeX/fonts/type1/pu
blic/amsfonts/cm/cmr17.pfb>
Output written on "Biomedical Research.pdf" (29 pages, 125417 bytes).
PDF statistics:
 110 PDF objects out of 1000 (max. 8388607)
 0 named destinations out of 1000 (max. 500000)
 1 words of extra memory for PDF output out of 10000 (max. 10000000)

