  CorePCH.cpp
  BioRadioADC.cpp
  bioutils.cpp
  BR150.cpp
  Bioradio150DLL.imports.cpp
  CoreMain.cpp
  CoreModule.cpp
  BCIStream_module.cpp
  Version.cpp
  WinMain.cpp
  Generating Code...
  BioRadio.vcxproj -> C:\Users\kotlab\Documents\GitHub\BCI-Group\BCI2000\build\CMakeFiles\contrib\SignalSource\BioRadio\Release\BioRadio.exe
  	Deploying executable
  copying files:
  Copying BioRadio.exe ...
  Copying BioRadio150DLL.dll ...
  Copying msvcp140.dll ...
  Copying vcomp140.dll ...
  Copying vcruntime140.dll ...
  Copying vcruntime140_1.dll ...
  Done.
