  CorePCH.cpp
  DSISerialADC.cpp
  DSI_API_Loader.c
  CoreMain.cpp
  CoreModule.cpp
  BCIStream_module.cpp
  SourceFilter.cpp
  IIRFilterBase.cpp
  FilterDesign.cpp
  Version.cpp
  WinMain.cpp
  Generating Code...
  DSISerial.vcxproj -> C:\Users\kotlab\Documents\GitHub\BCI-Group\BCI2000\build\CMakeFiles\contrib\SignalSource\DSISerial\Release\DSISerial.exe
  	Deploying executable
  copying files:
  Copying DSISerial.exe ...
  Copying libDSI-Windows-x86_64.dll ...
  Copying msvcp140.dll ...
  Copying vcomp140.dll ...
  Copying vcruntime140.dll ...
  Copying vcruntime140_1.dll ...
  Done.
