  CorePCH.cpp
  DASUtils.cpp
  cbw32_imports.cpp
  DAS_ADC.cpp
  DASQueue.cpp
  CoreMain.cpp
  CoreModule.cpp
  BCIStream_module.cpp
  Version.cpp
  WinMain.cpp
  Generating Code...
  DASSource.vcxproj -> C:\Users\kotlab\Documents\GitHub\BCI-Group\BCI2000\build\CMakeFiles\contrib\SignalSource\DASSource\Release\DASSource.exe
  	Deploying executable
  copying files:
  Copying DASSource.exe ...
  Copying msvcp140.dll ...
  Copying vcomp140.dll ...
  Copying vcruntime140.dll ...
  Copying vcruntime140_1.dll ...
  Done.
