  CorePCH.cpp
  LiveAmpADC.cpp
  LiveAmpLib2.imports.cpp
  CoreMain.cpp
  CoreModule.cpp
  BCIStream_module.cpp
  SourceFilter.cpp
  IIRFilterBase.cpp
  FilterDesign.cpp
  Version.cpp
  WinMain.cpp
  Generating Code...
  LiveAmpSource.vcxproj -> C:\Users\kotlab\Documents\GitHub\BCI-Group\BCI2000\build\CMakeFiles\contrib\SignalSource\LiveAmp\Release\LiveAmpSource.exe
  	Deploying executable
  copying files:
  Copying LiveAmpSource.exe ...
  Copying LiveAmpLib2_64.dll ...
  Copying msvcp140.dll ...
  Copying vcomp140.dll ...
  Copying vcruntime140.dll ...
  Copying vcruntime140_1.dll ...
  Done.
