  CorePCH.cpp
  NIDAQmxADC.cpp
  NIDAQFilter.cpp
  NIDAQLogger.cpp
  NIDAQmx.imports.cpp
  CoreMain.cpp
  CoreModule.cpp
  BCIStream_module.cpp
  Version.cpp
  WinMain.cpp
  Generating Code...
  NIDAQ_mx_Source.vcxproj -> C:\Users\kotlab\Documents\GitHub\BCI-Group\BCI2000\build\CMakeFiles\contrib\SignalSource\NIDAQ-MX\Release\NIDAQ_mx_Source.exe
  	Deploying executable
  copying files:
  Copying NIDAQ_mx_Source.exe ...
  Copying msvcp140.dll ...
  Copying vcomp140.dll ...
  Copying vcruntime140.dll ...
  Copying vcruntime140_1.dll ...
  Done.
